Dash is running on http://0.0.0.0:7860/

 * Serving Flask app 'dashboard'
 * Debug mode: off
[31m[1mWARNING: This is a development server. Do not use it in a production deployment. Use a production WSGI server instead.[0m
 * Running on all addresses (0.0.0.0)
 * Running on http://127.0.0.1:7860
 * Running on http://192.168.0.2:7860
[33mPress CTRL+C to quit[0m
127.0.0.1 - - [13/Jan/2026 12:35:57] "GET / HTTP/1.1" 200 -
127.0.0.1 - - [13/Jan/2026 12:35:57] "GET /_dash-component-suites/dash/deps/prop-types@15.v3_3_0m1768307681.8.1.min.js HTTP/1.1" 200 -
127.0.0.1 - - [13/Jan/2026 12:35:57] "GET /assets/style.css?m=1768306922.1743677 HTTP/1.1" 200 -
127.0.0.1 - - [13/Jan/2026 12:35:57] "GET /_dash-component-suites/dash/deps/polyfill@7.v3_3_0m1768307681.12.1.min.js HTTP/1.1" 200 -
127.0.0.1 - - [13/Jan/2026 12:35:57] "GET /_dash-component-suites/dash/deps/react-dom@18.v3_3_0m1768307681.3.1.min.js HTTP/1.1" 200 -
127.0.0.1 - - [13/Jan/2026 12:35:57] "GET /_dash-component-suites/dash_bootstrap_components/_components/dash_bootstrap_components.v2_0_4m1768307681.min.js HTTP/1.1" 200 -
127.0.0.1 - - [13/Jan/2026 12:35:57] "GET /_dash-component-suites/dash/deps/react@18.v3_3_0m1768307681.3.1.min.js HTTP/1.1" 200 -
127.0.0.1 - - [13/Jan/2026 12:35:57] "GET /_dash-component-suites/dash/dash-renderer/build/dash_renderer.v3_3_0m1768307680.min.js HTTP/1.1" 200 -
127.0.0.1 - - [13/Jan/2026 12:35:57] "GET /_dash-component-suites/dash/dcc/dash_core_components.v3_3_0m1768307681.js HTTP/1.1" 200 -
127.0.0.1 - - [13/Jan/2026 12:35:57] "GET /_dash-component-suites/dash/dcc/dash_core_components-shared.v3_3_0m1768307681.js HTTP/1.1" 200 -
127.0.0.1 - - [13/Jan/2026 12:35:57] "GET /_dash-component-suites/dash/dash_table/bundle.v6_0_5m1768307680.js HTTP/1.1" 200 -
127.0.0.1 - - [13/Jan/2026 12:35:57] "GET /_dash-component-suites/dash/html/dash_html_components.v3_0_5m1768307681.min.js HTTP/1.1" 200 -
127.0.0.1 - - [13/Jan/2026 12:35:58] "GET /_dash-layout HTTP/1.1" 200 -
127.0.0.1 - - [13/Jan/2026 12:35:58] "GET /_dash-dependencies HTTP/1.1" 200 -
127.0.0.1 - - [13/Jan/2026 12:35:58] "GET /assets/iwmi.png HTTP/1.1" 200 -
127.0.0.1 - - [13/Jan/2026 12:35:58] "GET /assets/cgiar.png HTTP/1.1" 200 -
127.0.0.1 - - [13/Jan/2026 12:35:58] "POST /_dash-update-component HTTP/1.1" 200 -
127.0.0.1 - - [13/Jan/2026 12:35:59] "POST /_dash-update-component HTTP/1.1" 200 -
127.0.0.1 - - [13/Jan/2026 12:35:59] "GET /_dash-component-suites/dash/dcc/async-dropdown.js HTTP/1.1" 200 -
127.0.0.1 - - [13/Jan/2026 12:35:59] "GET /_dash-component-suites/dash/dcc/async-graph.js HTTP/1.1" 200 -
127.0.0.1 - - [13/Jan/2026 12:35:59] "POST /_dash-update-component HTTP/1.1" 200 -
127.0.0.1 - - [13/Jan/2026 12:35:59] "POST /_dash-update-component HTTP/1.1" 200 -
127.0.0.1 - - [13/Jan/2026 12:35:59] "GET /_dash-component-suites/plotly/package_data/plotly.min.js HTTP/1.1" 200 -
/app/dashboard.py:575: DeprecationWarning:

*choroplethmapbox* is deprecated! Use *choroplethmap* instead. Learn more at: https://plotly.com/python/mapbox-to-maplibre/

127.0.0.1 - - [13/Jan/2026 12:35:59] "POST /_dash-update-component HTTP/1.1" 200 -
127.0.0.1 - - [13/Jan/2026 12:35:59] "POST /_dash-update-component HTTP/1.1" 200 -
127.0.0.1 - - [13/Jan/2026 12:36:00] "POST /_dash-update-component HTTP/1.1" 200 -
127.0.0.1 - - [13/Jan/2026 12:36:02] "GET /_dash-component-suites/dash/dash_table/async-highlight.js HTTP/1.1" 200 -
127.0.0.1 - - [13/Jan/2026 12:36:02] "GET /_dash-component-suites/dash/dash_table/async-table.js HTTP/1.1" 200 -
127.0.0.1 - - [13/Jan/2026 12:36:02] "GET /_dash-component-suites/dash/dcc/async-markdown.js HTTP/1.1" 200 -
127.0.0.1 - - [13/Jan/2026 12:36:02] "POST /_dash-update-component HTTP/1.1" 200 -
127.0.0.1 - - [13/Jan/2026 12:36:03] "POST /_dash-update-component HTTP/1.1" 200 -
127.0.0.1 - - [13/Jan/2026 12:36:03] "POST /_dash-update-component HTTP/1.1" 200 -
127.0.0.1 - - [13/Jan/2026 12:36:03] "GET /_dash-component-suites/dash/dcc/async-highlight.js HTTP/1.1" 200 -
127.0.0.1 - - [13/Jan/2026 12:36:03] "POST /_dash-update-component HTTP/1.1" 200 -
[2026-01-13 12:36:03,832] ERROR in app: Exception on /_dash-update-component [POST]
Traceback (most recent call last):
  File "/home/jules/.pyenv/versions/3.12.12/lib/python3.12/site-packages/flask/app.py", line 1511, in wsgi_app
    response = self.full_dispatch_request()
               ^^^^^^^^^^^^^^^^^^^^^^^^^^^^
  File "/home/jules/.pyenv/versions/3.12.12/lib/python3.12/site-packages/flask/app.py", line 919, in full_dispatch_request
    rv = self.handle_user_exception(e)
         ^^^^^^^^^^^^^^^^^^^^^^^^^^^^^
  File "/home/jules/.pyenv/versions/3.12.12/lib/python3.12/site-packages/flask/app.py", line 917, in full_dispatch_request
    rv = self.dispatch_request()
         ^^^^^^^^^^^^^^^^^^^^^^^
  File "/home/jules/.pyenv/versions/3.12.12/lib/python3.12/site-packages/flask/app.py", line 902, in dispatch_request
    return self.ensure_sync(self.view_functions[rule.endpoint])(**view_args)  # type: ignore[no-any-return]
           ^^^^^^^^^^^^^^^^^^^^^^^^^^^^^^^^^^^^^^^^^^^^^^^^^^^^^^^^^^^^^^^^^
  File "/home/jules/.pyenv/versions/3.12.12/lib/python3.12/site-packages/dash/_get_app.py", line 17, in wrap
    return ctx.run(func, self, *args, **kwargs)
           ^^^^^^^^^^^^^^^^^^^^^^^^^^^^^^^^^^^^
  File "/home/jules/.pyenv/versions/3.12.12/lib/python3.12/site-packages/dash/dash.py", line 1585, in dispatch
    response_data = ctx.run(partial_func)
                    ^^^^^^^^^^^^^^^^^^^^^
  File "/home/jules/.pyenv/versions/3.12.12/lib/python3.12/site-packages/dash/_callback.py", line 721, in add_context
    raise err
  File "/home/jules/.pyenv/versions/3.12.12/lib/python3.12/site-packages/dash/_callback.py", line 712, in add_context
    output_value = _invoke_callback(func, *func_args, **func_kwargs)  # type: ignore[reportArgumentType]
                   ^^^^^^^^^^^^^^^^^^^^^^^^^^^^^^^^^^^^^^^^^^^^^^^^^
  File "/home/jules/.pyenv/versions/3.12.12/lib/python3.12/site-packages/dash/_callback.py", line 59, in _invoke_callback
    return func(*args, **kwargs)  # %% callback invoked %%
           ^^^^^^^^^^^^^^^^^^^^^
  File "/app/dashboard.py", line 1422, in update_lu_wrapper
    return update_lu_map_and_coupling(basin)
           ^^^^^^^^^^^^^^^^^^^^^^^^^^^^^^^^^
  File "/app/dashboard.py", line 1302, in update_lu_map_and_coupling
    ticktext.append(str(int(v)))
                        ^^^^^^
ValueError: cannot convert float NaN to integer
127.0.0.1 - - [13/Jan/2026 12:36:03] "[35m[1mPOST /_dash-update-component HTTP/1.1[0m" 500 -
127.0.0.1 - - [13/Jan/2026 12:36:05] "POST /_dash-update-component HTTP/1.1" 200 -
/home/jules/.pyenv/versions/3.12.12/lib/python3.12/site-packages/xarray/core/nputils.py:242: RuntimeWarning:

Mean of empty slice

127.0.0.1 - - [13/Jan/2026 12:36:05] "POST /_dash-update-component HTTP/1.1" 200 -
127.0.0.1 - - [13/Jan/2026 12:36:05] "POST /_dash-update-component HTTP/1.1" 200 -
127.0.0.1 - - [13/Jan/2026 12:36:21] "GET / HTTP/1.1" 200 -
127.0.0.1 - - [13/Jan/2026 12:36:21] "GET /assets/style.css?m=1768306922.1743677 HTTP/1.1" 200 -
127.0.0.1 - - [13/Jan/2026 12:36:21] "GET /_dash-component-suites/dash/deps/polyfill@7.v3_3_0m1768307681.12.1.min.js HTTP/1.1" 200 -
127.0.0.1 - - [13/Jan/2026 12:36:21] "GET /_dash-component-suites/dash/deps/prop-types@15.v3_3_0m1768307681.8.1.min.js HTTP/1.1" 200 -
127.0.0.1 - - [13/Jan/2026 12:36:21] "GET /_dash-component-suites/dash/deps/react-dom@18.v3_3_0m1768307681.3.1.min.js HTTP/1.1" 200 -
127.0.0.1 - - [13/Jan/2026 12:36:21] "GET /_dash-component-suites/dash/dash-renderer/build/dash_renderer.v3_3_0m1768307680.min.js HTTP/1.1" 200 -
127.0.0.1 - - [13/Jan/2026 12:36:21] "GET /_dash-component-suites/dash/deps/react@18.v3_3_0m1768307681.3.1.min.js HTTP/1.1" 200 -
127.0.0.1 - - [13/Jan/2026 12:36:21] "GET /_dash-component-suites/dash_bootstrap_components/_components/dash_bootstrap_components.v2_0_4m1768307681.min.js HTTP/1.1" 200 -
127.0.0.1 - - [13/Jan/2026 12:36:21] "GET /_dash-component-suites/dash/dcc/dash_core_components.v3_3_0m1768307681.js HTTP/1.1" 200 -
127.0.0.1 - - [13/Jan/2026 12:36:21] "GET /_dash-component-suites/dash/dcc/dash_core_components-shared.v3_3_0m1768307681.js HTTP/1.1" 200 -
127.0.0.1 - - [13/Jan/2026 12:36:21] "GET /_dash-component-suites/dash/html/dash_html_components.v3_0_5m1768307681.min.js HTTP/1.1" 200 -
127.0.0.1 - - [13/Jan/2026 12:36:21] "GET /_dash-component-suites/dash/dash_table/bundle.v6_0_5m1768307680.js HTTP/1.1" 200 -
127.0.0.1 - - [13/Jan/2026 12:36:21] "GET /_dash-dependencies HTTP/1.1" 200 -
127.0.0.1 - - [13/Jan/2026 12:36:21] "GET /_dash-layout HTTP/1.1" 200 -
127.0.0.1 - - [13/Jan/2026 12:36:21] "GET /assets/iwmi.png HTTP/1.1" 200 -
127.0.0.1 - - [13/Jan/2026 12:36:21] "GET /assets/cgiar.png HTTP/1.1" 200 -
127.0.0.1 - - [13/Jan/2026 12:36:21] "POST /_dash-update-component HTTP/1.1" 200 -
127.0.0.1 - - [13/Jan/2026 12:36:21] "POST /_dash-update-component HTTP/1.1" 200 -
127.0.0.1 - - [13/Jan/2026 12:36:21] "GET /_dash-component-suites/dash/dcc/async-graph.js HTTP/1.1" 200 -
127.0.0.1 - - [13/Jan/2026 12:36:21] "GET /_dash-component-suites/dash/dcc/async-dropdown.js HTTP/1.1" 200 -
127.0.0.1 - - [13/Jan/2026 12:36:21] "GET /_dash-component-suites/plotly/package_data/plotly.min.js HTTP/1.1" 200 -
127.0.0.1 - - [13/Jan/2026 12:36:21] "POST /_dash-update-component HTTP/1.1" 200 -
127.0.0.1 - - [13/Jan/2026 12:36:21] "POST /_dash-update-component HTTP/1.1" 200 -
127.0.0.1 - - [13/Jan/2026 12:36:21] "POST /_dash-update-component HTTP/1.1" 200 -
127.0.0.1 - - [13/Jan/2026 12:36:21] "POST /_dash-update-component HTTP/1.1" 200 -
127.0.0.1 - - [13/Jan/2026 12:36:21] "POST /_dash-update-component HTTP/1.1" 200 -
127.0.0.1 - - [13/Jan/2026 12:36:23] "GET /_dash-component-suites/dash/dash_table/async-highlight.js HTTP/1.1" 200 -
127.0.0.1 - - [13/Jan/2026 12:36:23] "GET /_dash-component-suites/dash/dcc/async-markdown.js HTTP/1.1" 200 -
127.0.0.1 - - [13/Jan/2026 12:36:23] "GET /_dash-component-suites/dash/dash_table/async-table.js HTTP/1.1" 200 -
127.0.0.1 - - [13/Jan/2026 12:36:23] "POST /_dash-update-component HTTP/1.1" 200 -
127.0.0.1 - - [13/Jan/2026 12:36:23] "POST /_dash-update-component HTTP/1.1" 200 -
127.0.0.1 - - [13/Jan/2026 12:36:23] "POST /_dash-update-component HTTP/1.1" 200 -
127.0.0.1 - - [13/Jan/2026 12:36:23] "GET /_dash-component-suites/dash/dcc/async-highlight.js HTTP/1.1" 200 -
127.0.0.1 - - [13/Jan/2026 12:36:24] "POST /_dash-update-component HTTP/1.1" 200 -
[2026-01-13 12:36:24,308] ERROR in app: Exception on /_dash-update-component [POST]
Traceback (most recent call last):
  File "/home/jules/.pyenv/versions/3.12.12/lib/python3.12/site-packages/flask/app.py", line 1511, in wsgi_app
    response = self.full_dispatch_request()
               ^^^^^^^^^^^^^^^^^^^^^^^^^^^^
  File "/home/jules/.pyenv/versions/3.12.12/lib/python3.12/site-packages/flask/app.py", line 919, in full_dispatch_request
    rv = self.handle_user_exception(e)
         ^^^^^^^^^^^^^^^^^^^^^^^^^^^^^
  File "/home/jules/.pyenv/versions/3.12.12/lib/python3.12/site-packages/flask/app.py", line 917, in full_dispatch_request
    rv = self.dispatch_request()
         ^^^^^^^^^^^^^^^^^^^^^^^
  File "/home/jules/.pyenv/versions/3.12.12/lib/python3.12/site-packages/flask/app.py", line 902, in dispatch_request
    return self.ensure_sync(self.view_functions[rule.endpoint])(**view_args)  # type: ignore[no-any-return]
           ^^^^^^^^^^^^^^^^^^^^^^^^^^^^^^^^^^^^^^^^^^^^^^^^^^^^^^^^^^^^^^^^^
  File "/home/jules/.pyenv/versions/3.12.12/lib/python3.12/site-packages/dash/_get_app.py", line 17, in wrap
    return ctx.run(func, self, *args, **kwargs)
           ^^^^^^^^^^^^^^^^^^^^^^^^^^^^^^^^^^^^
  File "/home/jules/.pyenv/versions/3.12.12/lib/python3.12/site-packages/dash/dash.py", line 1585, in dispatch
    response_data = ctx.run(partial_func)
                    ^^^^^^^^^^^^^^^^^^^^^
  File "/home/jules/.pyenv/versions/3.12.12/lib/python3.12/site-packages/dash/_callback.py", line 721, in add_context
    raise err
  File "/home/jules/.pyenv/versions/3.12.12/lib/python3.12/site-packages/dash/_callback.py", line 712, in add_context
    output_value = _invoke_callback(func, *func_args, **func_kwargs)  # type: ignore[reportArgumentType]
                   ^^^^^^^^^^^^^^^^^^^^^^^^^^^^^^^^^^^^^^^^^^^^^^^^^
  File "/home/jules/.pyenv/versions/3.12.12/lib/python3.12/site-packages/dash/_callback.py", line 59, in _invoke_callback
    return func(*args, **kwargs)  # %% callback invoked %%
           ^^^^^^^^^^^^^^^^^^^^^
  File "/app/dashboard.py", line 1422, in update_lu_wrapper
    return update_lu_map_and_coupling(basin)
           ^^^^^^^^^^^^^^^^^^^^^^^^^^^^^^^^^
  File "/app/dashboard.py", line 1302, in update_lu_map_and_coupling
    ticktext.append(str(int(v)))
                        ^^^^^^
ValueError: cannot convert float NaN to integer
127.0.0.1 - - [13/Jan/2026 12:36:24] "[35m[1mPOST /_dash-update-component HTTP/1.1[0m" 500 -
127.0.0.1 - - [13/Jan/2026 12:36:25] "POST /_dash-update-component HTTP/1.1" 200 -
127.0.0.1 - - [13/Jan/2026 12:36:25] "POST /_dash-update-component HTTP/1.1" 200 -
127.0.0.1 - - [13/Jan/2026 12:36:25] "POST /_dash-update-component HTTP/1.1" 200 -
127.0.0.1 - - [13/Jan/2026 12:36:47] "GET / HTTP/1.1" 200 -
127.0.0.1 - - [13/Jan/2026 12:36:47] "GET /_dash-component-suites/dash/deps/react@18.v3_3_0m1768307681.3.1.min.js HTTP/1.1" 200 -
127.0.0.1 - - [13/Jan/2026 12:36:47] "GET /_dash-component-suites/dash/deps/react-dom@18.v3_3_0m1768307681.3.1.min.js HTTP/1.1" 200 -
127.0.0.1 - - [13/Jan/2026 12:36:47] "GET /_dash-component-suites/dash/deps/prop-types@15.v3_3_0m1768307681.8.1.min.js HTTP/1.1" 200 -
127.0.0.1 - - [13/Jan/2026 12:36:47] "GET /_dash-component-suites/dash_bootstrap_components/_components/dash_bootstrap_components.v2_0_4m1768307681.min.js HTTP/1.1" 200 -
127.0.0.1 - - [13/Jan/2026 12:36:47] "GET /assets/style.css?m=1768306922.1743677 HTTP/1.1" 200 -
127.0.0.1 - - [13/Jan/2026 12:36:47] "GET /_dash-component-suites/dash/deps/polyfill@7.v3_3_0m1768307681.12.1.min.js HTTP/1.1" 200 -
127.0.0.1 - - [13/Jan/2026 12:36:47] "GET /_dash-component-suites/dash/dcc/dash_core_components.v3_3_0m1768307681.js HTTP/1.1" 200 -
127.0.0.1 - - [13/Jan/2026 12:36:47] "GET /_dash-component-suites/dash/dash-renderer/build/dash_renderer.v3_3_0m1768307680.min.js HTTP/1.1" 200 -
127.0.0.1 - - [13/Jan/2026 12:36:47] "GET /_dash-component-suites/dash/dcc/dash_core_components-shared.v3_3_0m1768307681.js HTTP/1.1" 200 -
127.0.0.1 - - [13/Jan/2026 12:36:47] "GET /_dash-component-suites/dash/html/dash_html_components.v3_0_5m1768307681.min.js HTTP/1.1" 200 -
127.0.0.1 - - [13/Jan/2026 12:36:47] "GET /_dash-component-suites/dash/dash_table/bundle.v6_0_5m1768307680.js HTTP/1.1" 200 -
127.0.0.1 - - [13/Jan/2026 12:36:47] "GET /_dash-dependencies HTTP/1.1" 200 -
127.0.0.1 - - [13/Jan/2026 12:36:47] "GET /_dash-layout HTTP/1.1" 200 -
127.0.0.1 - - [13/Jan/2026 12:36:47] "GET /assets/iwmi.png HTTP/1.1" 200 -
127.0.0.1 - - [13/Jan/2026 12:36:47] "GET /assets/cgiar.png HTTP/1.1" 200 -
127.0.0.1 - - [13/Jan/2026 12:36:47] "POST /_dash-update-component HTTP/1.1" 200 -
127.0.0.1 - - [13/Jan/2026 12:36:47] "POST /_dash-update-component HTTP/1.1" 200 -
127.0.0.1 - - [13/Jan/2026 12:36:47] "GET /_dash-component-suites/dash/dcc/async-dropdown.js HTTP/1.1" 200 -
127.0.0.1 - - [13/Jan/2026 12:36:47] "GET /_dash-component-suites/dash/dcc/async-graph.js HTTP/1.1" 200 -
127.0.0.1 - - [13/Jan/2026 12:36:47] "GET /_dash-component-suites/plotly/package_data/plotly.min.js HTTP/1.1" 200 -
127.0.0.1 - - [13/Jan/2026 12:36:47] "POST /_dash-update-component HTTP/1.1" 200 -
127.0.0.1 - - [13/Jan/2026 12:36:47] "POST /_dash-update-component HTTP/1.1" 200 -
127.0.0.1 - - [13/Jan/2026 12:36:47] "POST /_dash-update-component HTTP/1.1" 200 -
127.0.0.1 - - [13/Jan/2026 12:36:48] "POST /_dash-update-component HTTP/1.1" 200 -
127.0.0.1 - - [13/Jan/2026 12:36:48] "POST /_dash-update-component HTTP/1.1" 200 -
127.0.0.1 - - [13/Jan/2026 12:36:51] "GET /_dash-component-suites/dash/dash_table/async-highlight.js HTTP/1.1" 200 -
127.0.0.1 - - [13/Jan/2026 12:36:51] "GET /_dash-component-suites/dash/dash_table/async-table.js HTTP/1.1" 200 -
127.0.0.1 - - [13/Jan/2026 12:36:51] "GET /_dash-component-suites/dash/dcc/async-markdown.js HTTP/1.1" 200 -
127.0.0.1 - - [13/Jan/2026 12:36:52] "POST /_dash-update-component HTTP/1.1" 200 -
127.0.0.1 - - [13/Jan/2026 12:36:52] "POST /_dash-update-component HTTP/1.1" 200 -
127.0.0.1 - - [13/Jan/2026 12:36:52] "POST /_dash-update-component HTTP/1.1" 200 -
127.0.0.1 - - [13/Jan/2026 12:36:52] "POST /_dash-update-component HTTP/1.1" 200 -
127.0.0.1 - - [13/Jan/2026 12:36:52] "GET /_dash-component-suites/dash/dcc/async-highlight.js HTTP/1.1" 200 -
[2026-01-13 12:36:53,139] ERROR in app: Exception on /_dash-update-component [POST]
Traceback (most recent call last):
  File "/home/jules/.pyenv/versions/3.12.12/lib/python3.12/site-packages/flask/app.py", line 1511, in wsgi_app
    response = self.full_dispatch_request()
               ^^^^^^^^^^^^^^^^^^^^^^^^^^^^
  File "/home/jules/.pyenv/versions/3.12.12/lib/python3.12/site-packages/flask/app.py", line 919, in full_dispatch_request
    rv = self.handle_user_exception(e)
         ^^^^^^^^^^^^^^^^^^^^^^^^^^^^^
  File "/home/jules/.pyenv/versions/3.12.12/lib/python3.12/site-packages/flask/app.py", line 917, in full_dispatch_request
    rv = self.dispatch_request()
         ^^^^^^^^^^^^^^^^^^^^^^^
  File "/home/jules/.pyenv/versions/3.12.12/lib/python3.12/site-packages/flask/app.py", line 902, in dispatch_request
    return self.ensure_sync(self.view_functions[rule.endpoint])(**view_args)  # type: ignore[no-any-return]
           ^^^^^^^^^^^^^^^^^^^^^^^^^^^^^^^^^^^^^^^^^^^^^^^^^^^^^^^^^^^^^^^^^
  File "/home/jules/.pyenv/versions/3.12.12/lib/python3.12/site-packages/dash/_get_app.py", line 17, in wrap
    return ctx.run(func, self, *args, **kwargs)
           ^^^^^^^^^^^^^^^^^^^^^^^^^^^^^^^^^^^^
  File "/home/jules/.pyenv/versions/3.12.12/lib/python3.12/site-packages/dash/dash.py", line 1585, in dispatch
    response_data = ctx.run(partial_func)
                    ^^^^^^^^^^^^^^^^^^^^^
  File "/home/jules/.pyenv/versions/3.12.12/lib/python3.12/site-packages/dash/_callback.py", line 721, in add_context
    raise err
  File "/home/jules/.pyenv/versions/3.12.12/lib/python3.12/site-packages/dash/_callback.py", line 712, in add_context
    output_value = _invoke_callback(func, *func_args, **func_kwargs)  # type: ignore[reportArgumentType]
                   ^^^^^^^^^^^^^^^^^^^^^^^^^^^^^^^^^^^^^^^^^^^^^^^^^
  File "/home/jules/.pyenv/versions/3.12.12/lib/python3.12/site-packages/dash/_callback.py", line 59, in _invoke_callback
    return func(*args, **kwargs)  # %% callback invoked %%
           ^^^^^^^^^^^^^^^^^^^^^
  File "/app/dashboard.py", line 1422, in update_lu_wrapper
    return update_lu_map_and_coupling(basin)
           ^^^^^^^^^^^^^^^^^^^^^^^^^^^^^^^^^
  File "/app/dashboard.py", line 1302, in update_lu_map_and_coupling
    ticktext.append(str(int(v)))
                        ^^^^^^
ValueError: cannot convert float NaN to integer
127.0.0.1 - - [13/Jan/2026 12:36:53] "[35m[1mPOST /_dash-update-component HTTP/1.1[0m" 500 -
127.0.0.1 - - [13/Jan/2026 12:36:53] "POST /_dash-update-component HTTP/1.1" 200 -
127.0.0.1 - - [13/Jan/2026 12:36:53] "POST /_dash-update-component HTTP/1.1" 200 -
127.0.0.1 - - [13/Jan/2026 12:36:54] "POST /_dash-update-component HTTP/1.1" 200 -
127.0.0.1 - - [13/Jan/2026 12:37:26] "GET / HTTP/1.1" 200 -
127.0.0.1 - - [13/Jan/2026 12:37:26] "GET /_dash-component-suites/dash/deps/react@18.v3_3_0m1768307681.3.1.min.js HTTP/1.1" 200 -
127.0.0.1 - - [13/Jan/2026 12:37:26] "GET /_dash-component-suites/dash/deps/prop-types@15.v3_3_0m1768307681.8.1.min.js HTTP/1.1" 200 -
127.0.0.1 - - [13/Jan/2026 12:37:26] "GET /_dash-component-suites/dash/deps/react-dom@18.v3_3_0m1768307681.3.1.min.js HTTP/1.1" 200 -
127.0.0.1 - - [13/Jan/2026 12:37:26] "GET /assets/style.css?m=1768306922.1743677 HTTP/1.1" 200 -
127.0.0.1 - - [13/Jan/2026 12:37:26] "GET /_dash-component-suites/dash/deps/polyfill@7.v3_3_0m1768307681.12.1.min.js HTTP/1.1" 200 -
127.0.0.1 - - [13/Jan/2026 12:37:26] "GET /_dash-component-suites/dash_bootstrap_components/_components/dash_bootstrap_components.v2_0_4m1768307681.min.js HTTP/1.1" 200 -
127.0.0.1 - - [13/Jan/2026 12:37:26] "GET /_dash-component-suites/dash/dash-renderer/build/dash_renderer.v3_3_0m1768307680.min.js HTTP/1.1" 200 -
127.0.0.1 - - [13/Jan/2026 12:37:26] "GET /_dash-component-suites/dash/dcc/dash_core_components.v3_3_0m1768307681.js HTTP/1.1" 200 -
127.0.0.1 - - [13/Jan/2026 12:37:26] "GET /_dash-component-suites/dash/dcc/dash_core_components-shared.v3_3_0m1768307681.js HTTP/1.1" 200 -
127.0.0.1 - - [13/Jan/2026 12:37:26] "GET /_dash-component-suites/dash/html/dash_html_components.v3_0_5m1768307681.min.js HTTP/1.1" 200 -
127.0.0.1 - - [13/Jan/2026 12:37:26] "GET /_dash-component-suites/dash/dash_table/bundle.v6_0_5m1768307680.js HTTP/1.1" 200 -
127.0.0.1 - - [13/Jan/2026 12:37:26] "GET /_dash-dependencies HTTP/1.1" 200 -
127.0.0.1 - - [13/Jan/2026 12:37:26] "GET /_dash-layout HTTP/1.1" 200 -
127.0.0.1 - - [13/Jan/2026 12:37:26] "GET /assets/iwmi.png HTTP/1.1" 200 -
127.0.0.1 - - [13/Jan/2026 12:37:26] "GET /assets/cgiar.png HTTP/1.1" 200 -
127.0.0.1 - - [13/Jan/2026 12:37:26] "POST /_dash-update-component HTTP/1.1" 200 -
127.0.0.1 - - [13/Jan/2026 12:37:26] "POST /_dash-update-component HTTP/1.1" 200 -
127.0.0.1 - - [13/Jan/2026 12:37:26] "GET /_dash-component-suites/dash/dcc/async-dropdown.js HTTP/1.1" 200 -
127.0.0.1 - - [13/Jan/2026 12:37:26] "GET /_dash-component-suites/dash/dcc/async-graph.js HTTP/1.1" 200 -
127.0.0.1 - - [13/Jan/2026 12:37:26] "GET /_dash-component-suites/plotly/package_data/plotly.min.js HTTP/1.1" 200 -
127.0.0.1 - - [13/Jan/2026 12:37:26] "POST /_dash-update-component HTTP/1.1" 200 -
127.0.0.1 - - [13/Jan/2026 12:37:26] "POST /_dash-update-component HTTP/1.1" 200 -
127.0.0.1 - - [13/Jan/2026 12:37:26] "POST /_dash-update-component HTTP/1.1" 200 -
127.0.0.1 - - [13/Jan/2026 12:37:26] "POST /_dash-update-component HTTP/1.1" 200 -
127.0.0.1 - - [13/Jan/2026 12:37:27] "POST /_dash-update-component HTTP/1.1" 200 -
127.0.0.1 - - [13/Jan/2026 12:37:28] "GET /_dash-component-suites/dash/dash_table/async-highlight.js HTTP/1.1" 200 -
127.0.0.1 - - [13/Jan/2026 12:37:28] "GET /_dash-component-suites/dash/dash_table/async-table.js HTTP/1.1" 200 -
127.0.0.1 - - [13/Jan/2026 12:37:28] "GET /_dash-component-suites/dash/dcc/async-markdown.js HTTP/1.1" 200 -
127.0.0.1 - - [13/Jan/2026 12:37:28] "POST /_dash-update-component HTTP/1.1" 200 -
127.0.0.1 - - [13/Jan/2026 12:37:29] "POST /_dash-update-component HTTP/1.1" 200 -
127.0.0.1 - - [13/Jan/2026 12:37:29] "POST /_dash-update-component HTTP/1.1" 200 -
127.0.0.1 - - [13/Jan/2026 12:37:29] "POST /_dash-update-component HTTP/1.1" 200 -
127.0.0.1 - - [13/Jan/2026 12:37:29] "GET /_dash-component-suites/dash/dcc/async-highlight.js HTTP/1.1" 200 -
[2026-01-13 12:37:29,728] ERROR in app: Exception on /_dash-update-component [POST]
Traceback (most recent call last):
  File "/home/jules/.pyenv/versions/3.12.12/lib/python3.12/site-packages/flask/app.py", line 1511, in wsgi_app
    response = self.full_dispatch_request()
               ^^^^^^^^^^^^^^^^^^^^^^^^^^^^
  File "/home/jules/.pyenv/versions/3.12.12/lib/python3.12/site-packages/flask/app.py", line 919, in full_dispatch_request
    rv = self.handle_user_exception(e)
         ^^^^^^^^^^^^^^^^^^^^^^^^^^^^^
  File "/home/jules/.pyenv/versions/3.12.12/lib/python3.12/site-packages/flask/app.py", line 917, in full_dispatch_request
    rv = self.dispatch_request()
         ^^^^^^^^^^^^^^^^^^^^^^^
  File "/home/jules/.pyenv/versions/3.12.12/lib/python3.12/site-packages/flask/app.py", line 902, in dispatch_request
    return self.ensure_sync(self.view_functions[rule.endpoint])(**view_args)  # type: ignore[no-any-return]
           ^^^^^^^^^^^^^^^^^^^^^^^^^^^^^^^^^^^^^^^^^^^^^^^^^^^^^^^^^^^^^^^^^
  File "/home/jules/.pyenv/versions/3.12.12/lib/python3.12/site-packages/dash/_get_app.py", line 17, in wrap
    return ctx.run(func, self, *args, **kwargs)
           ^^^^^^^^^^^^^^^^^^^^^^^^^^^^^^^^^^^^
  File "/home/jules/.pyenv/versions/3.12.12/lib/python3.12/site-packages/dash/dash.py", line 1585, in dispatch
    response_data = ctx.run(partial_func)
                    ^^^^^^^^^^^^^^^^^^^^^
  File "/home/jules/.pyenv/versions/3.12.12/lib/python3.12/site-packages/dash/_callback.py", line 721, in add_context
    raise err
  File "/home/jules/.pyenv/versions/3.12.12/lib/python3.12/site-packages/dash/_callback.py", line 712, in add_context
    output_value = _invoke_callback(func, *func_args, **func_kwargs)  # type: ignore[reportArgumentType]
                   ^^^^^^^^^^^^^^^^^^^^^^^^^^^^^^^^^^^^^^^^^^^^^^^^^
  File "/home/jules/.pyenv/versions/3.12.12/lib/python3.12/site-packages/dash/_callback.py", line 59, in _invoke_callback
    return func(*args, **kwargs)  # %% callback invoked %%
           ^^^^^^^^^^^^^^^^^^^^^
  File "/app/dashboard.py", line 1422, in update_lu_wrapper
    return update_lu_map_and_coupling(basin)
           ^^^^^^^^^^^^^^^^^^^^^^^^^^^^^^^^^
  File "/app/dashboard.py", line 1302, in update_lu_map_and_coupling
    ticktext.append(str(int(v)))
                        ^^^^^^
ValueError: cannot convert float NaN to integer
127.0.0.1 - - [13/Jan/2026 12:37:29] "[35m[1mPOST /_dash-update-component HTTP/1.1[0m" 500 -
127.0.0.1 - - [13/Jan/2026 12:37:30] "POST /_dash-update-component HTTP/1.1" 200 -
127.0.0.1 - - [13/Jan/2026 12:37:30] "POST /_dash-update-component HTTP/1.1" 200 -
127.0.0.1 - - [13/Jan/2026 12:37:30] "POST /_dash-update-component HTTP/1.1" 200 -
127.0.0.1 - - [13/Jan/2026 12:43:09] "GET / HTTP/1.1" 200 -
127.0.0.1 - - [13/Jan/2026 12:43:09] "GET /assets/style.css?m=1768306922.1743677 HTTP/1.1" 200 -
127.0.0.1 - - [13/Jan/2026 12:43:09] "GET /_dash-component-suites/dash/deps/prop-types@15.v3_3_0m1768307681.8.1.min.js HTTP/1.1" 200 -
127.0.0.1 - - [13/Jan/2026 12:43:09] "GET /_dash-component-suites/dash/deps/react@18.v3_3_0m1768307681.3.1.min.js HTTP/1.1" 200 -
127.0.0.1 - - [13/Jan/2026 12:43:09] "GET /_dash-component-suites/dash/deps/polyfill@7.v3_3_0m1768307681.12.1.min.js HTTP/1.1" 200 -
127.0.0.1 - - [13/Jan/2026 12:43:09] "GET /_dash-component-suites/dash_bootstrap_components/_components/dash_bootstrap_components.v2_0_4m1768307681.min.js HTTP/1.1" 200 -
127.0.0.1 - - [13/Jan/2026 12:43:09] "GET /_dash-component-suites/dash/deps/react-dom@18.v3_3_0m1768307681.3.1.min.js HTTP/1.1" 200 -
127.0.0.1 - - [13/Jan/2026 12:43:09] "GET /_dash-component-suites/dash/dash-renderer/build/dash_renderer.v3_3_0m1768307680.min.js HTTP/1.1" 200 -
127.0.0.1 - - [13/Jan/2026 12:43:09] "GET /_dash-component-suites/dash/dash_table/bundle.v6_0_5m1768307680.js HTTP/1.1" 200 -
127.0.0.1 - - [13/Jan/2026 12:43:09] "GET /_dash-component-suites/dash/dcc/dash_core_components.v3_3_0m1768307681.js HTTP/1.1" 200 -
127.0.0.1 - - [13/Jan/2026 12:43:09] "GET /_dash-component-suites/dash/dcc/dash_core_components-shared.v3_3_0m1768307681.js HTTP/1.1" 200 -
127.0.0.1 - - [13/Jan/2026 12:43:09] "GET /_dash-component-suites/dash/html/dash_html_components.v3_0_5m1768307681.min.js HTTP/1.1" 200 -
127.0.0.1 - - [13/Jan/2026 12:43:09] "GET /_dash-layout HTTP/1.1" 200 -
127.0.0.1 - - [13/Jan/2026 12:43:09] "GET /_dash-dependencies HTTP/1.1" 200 -
127.0.0.1 - - [13/Jan/2026 12:43:09] "GET /assets/iwmi.png HTTP/1.1" 200 -
127.0.0.1 - - [13/Jan/2026 12:43:09] "GET /assets/cgiar.png HTTP/1.1" 200 -
127.0.0.1 - - [13/Jan/2026 12:43:09] "POST /_dash-update-component HTTP/1.1" 200 -
127.0.0.1 - - [13/Jan/2026 12:43:09] "POST /_dash-update-component HTTP/1.1" 200 -
127.0.0.1 - - [13/Jan/2026 12:43:09] "GET /_dash-component-suites/dash/dcc/async-dropdown.js HTTP/1.1" 200 -
127.0.0.1 - - [13/Jan/2026 12:43:09] "GET /_dash-component-suites/dash/dcc/async-graph.js HTTP/1.1" 200 -
127.0.0.1 - - [13/Jan/2026 12:43:09] "POST /_dash-update-component HTTP/1.1" 200 -
127.0.0.1 - - [13/Jan/2026 12:43:09] "GET /_dash-component-suites/plotly/package_data/plotly.min.js HTTP/1.1" 200 -
127.0.0.1 - - [13/Jan/2026 12:43:09] "POST /_dash-update-component HTTP/1.1" 200 -
127.0.0.1 - - [13/Jan/2026 12:43:09] "POST /_dash-update-component HTTP/1.1" 200 -
127.0.0.1 - - [13/Jan/2026 12:43:09] "POST /_dash-update-component HTTP/1.1" 200 -
127.0.0.1 - - [13/Jan/2026 12:43:09] "POST /_dash-update-component HTTP/1.1" 200 -
127.0.0.1 - - [13/Jan/2026 12:43:11] "GET /_dash-component-suites/dash/dash_table/async-highlight.js HTTP/1.1" 200 -
127.0.0.1 - - [13/Jan/2026 12:43:11] "GET /_dash-component-suites/dash/dcc/async-markdown.js HTTP/1.1" 200 -
127.0.0.1 - - [13/Jan/2026 12:43:11] "GET /_dash-component-suites/dash/dash_table/async-table.js HTTP/1.1" 200 -
127.0.0.1 - - [13/Jan/2026 12:43:11] "POST /_dash-update-component HTTP/1.1" 200 -
127.0.0.1 - - [13/Jan/2026 12:43:11] "POST /_dash-update-component HTTP/1.1" 200 -
127.0.0.1 - - [13/Jan/2026 12:43:11] "POST /_dash-update-component HTTP/1.1" 200 -
127.0.0.1 - - [13/Jan/2026 12:43:12] "POST /_dash-update-component HTTP/1.1" 200 -
127.0.0.1 - - [13/Jan/2026 12:43:12] "GET /_dash-component-suites/dash/dcc/async-highlight.js HTTP/1.1" 200 -
[2026-01-13 12:43:12,976] ERROR in app: Exception on /_dash-update-component [POST]
Traceback (most recent call last):
  File "/home/jules/.pyenv/versions/3.12.12/lib/python3.12/site-packages/flask/app.py", line 1511, in wsgi_app
    response = self.full_dispatch_request()
               ^^^^^^^^^^^^^^^^^^^^^^^^^^^^
  File "/home/jules/.pyenv/versions/3.12.12/lib/python3.12/site-packages/flask/app.py", line 919, in full_dispatch_request
    rv = self.handle_user_exception(e)
         ^^^^^^^^^^^^^^^^^^^^^^^^^^^^^
  File "/home/jules/.pyenv/versions/3.12.12/lib/python3.12/site-packages/flask/app.py", line 917, in full_dispatch_request
    rv = self.dispatch_request()
         ^^^^^^^^^^^^^^^^^^^^^^^
  File "/home/jules/.pyenv/versions/3.12.12/lib/python3.12/site-packages/flask/app.py", line 902, in dispatch_request
    return self.ensure_sync(self.view_functions[rule.endpoint])(**view_args)  # type: ignore[no-any-return]
           ^^^^^^^^^^^^^^^^^^^^^^^^^^^^^^^^^^^^^^^^^^^^^^^^^^^^^^^^^^^^^^^^^
  File "/home/jules/.pyenv/versions/3.12.12/lib/python3.12/site-packages/dash/_get_app.py", line 17, in wrap
    return ctx.run(func, self, *args, **kwargs)
           ^^^^^^^^^^^^^^^^^^^^^^^^^^^^^^^^^^^^
  File "/home/jules/.pyenv/versions/3.12.12/lib/python3.12/site-packages/dash/dash.py", line 1585, in dispatch
    response_data = ctx.run(partial_func)
                    ^^^^^^^^^^^^^^^^^^^^^
  File "/home/jules/.pyenv/versions/3.12.12/lib/python3.12/site-packages/dash/_callback.py", line 721, in add_context
    raise err
  File "/home/jules/.pyenv/versions/3.12.12/lib/python3.12/site-packages/dash/_callback.py", line 712, in add_context
    output_value = _invoke_callback(func, *func_args, **func_kwargs)  # type: ignore[reportArgumentType]
                   ^^^^^^^^^^^^^^^^^^^^^^^^^^^^^^^^^^^^^^^^^^^^^^^^^
  File "/home/jules/.pyenv/versions/3.12.12/lib/python3.12/site-packages/dash/_callback.py", line 59, in _invoke_callback
    return func(*args, **kwargs)  # %% callback invoked %%
           ^^^^^^^^^^^^^^^^^^^^^
  File "/app/dashboard.py", line 1422, in update_lu_wrapper
    return update_lu_map_and_coupling(basin)
           ^^^^^^^^^^^^^^^^^^^^^^^^^^^^^^^^^
  File "/app/dashboard.py", line 1302, in update_lu_map_and_coupling
    ticktext.append(str(int(v)))
                        ^^^^^^
ValueError: cannot convert float NaN to integer
127.0.0.1 - - [13/Jan/2026 12:43:12] "[35m[1mPOST /_dash-update-component HTTP/1.1[0m" 500 -
127.0.0.1 - - [13/Jan/2026 12:43:13] "POST /_dash-update-component HTTP/1.1" 200 -
127.0.0.1 - - [13/Jan/2026 12:43:13] "POST /_dash-update-component HTTP/1.1" 200 -
127.0.0.1 - - [13/Jan/2026 12:43:13] "POST /_dash-update-component HTTP/1.1" 200 -
127.0.0.1 - - [13/Jan/2026 12:45:41] "GET / HTTP/1.1" 200 -
127.0.0.1 - - [13/Jan/2026 12:45:41] "GET /_dash-component-suites/dash/deps/polyfill@7.v3_3_0m1768307681.12.1.min.js HTTP/1.1" 200 -
127.0.0.1 - - [13/Jan/2026 12:45:41] "GET /assets/style.css?m=1768306922.1743677 HTTP/1.1" 200 -
127.0.0.1 - - [13/Jan/2026 12:45:41] "GET /_dash-component-suites/dash/deps/react-dom@18.v3_3_0m1768307681.3.1.min.js HTTP/1.1" 200 -
127.0.0.1 - - [13/Jan/2026 12:45:41] "GET /_dash-component-suites/dash/deps/prop-types@15.v3_3_0m1768307681.8.1.min.js HTTP/1.1" 200 -
127.0.0.1 - - [13/Jan/2026 12:45:41] "GET /_dash-component-suites/dash/deps/react@18.v3_3_0m1768307681.3.1.min.js HTTP/1.1" 200 -
127.0.0.1 - - [13/Jan/2026 12:45:41] "GET /_dash-component-suites/dash_bootstrap_components/_components/dash_bootstrap_components.v2_0_4m1768307681.min.js HTTP/1.1" 200 -
127.0.0.1 - - [13/Jan/2026 12:45:41] "GET /_dash-component-suites/dash/dash-renderer/build/dash_renderer.v3_3_0m1768307680.min.js HTTP/1.1" 200 -
127.0.0.1 - - [13/Jan/2026 12:45:41] "GET /_dash-component-suites/dash/dcc/dash_core_components.v3_3_0m1768307681.js HTTP/1.1" 200 -
127.0.0.1 - - [13/Jan/2026 12:45:41] "GET /_dash-component-suites/dash/dcc/dash_core_components-shared.v3_3_0m1768307681.js HTTP/1.1" 200 -
127.0.0.1 - - [13/Jan/2026 12:45:41] "GET /_dash-component-suites/dash/dash_table/bundle.v6_0_5m1768307680.js HTTP/1.1" 200 -
127.0.0.1 - - [13/Jan/2026 12:45:41] "GET /_dash-component-suites/dash/html/dash_html_components.v3_0_5m1768307681.min.js HTTP/1.1" 200 -
127.0.0.1 - - [13/Jan/2026 12:45:42] "GET /_dash-dependencies HTTP/1.1" 200 -
127.0.0.1 - - [13/Jan/2026 12:45:42] "GET /_dash-layout HTTP/1.1" 200 -
127.0.0.1 - - [13/Jan/2026 12:45:42] "GET /assets/iwmi.png HTTP/1.1" 200 -
127.0.0.1 - - [13/Jan/2026 12:45:42] "GET /assets/cgiar.png HTTP/1.1" 200 -
127.0.0.1 - - [13/Jan/2026 12:45:42] "POST /_dash-update-component HTTP/1.1" 200 -
127.0.0.1 - - [13/Jan/2026 12:45:42] "POST /_dash-update-component HTTP/1.1" 200 -
127.0.0.1 - - [13/Jan/2026 12:45:42] "GET /_dash-component-suites/dash/dcc/async-dropdown.js HTTP/1.1" 200 -
127.0.0.1 - - [13/Jan/2026 12:45:42] "GET /_dash-component-suites/dash/dcc/async-graph.js HTTP/1.1" 200 -
127.0.0.1 - - [13/Jan/2026 12:45:42] "GET /_dash-component-suites/plotly/package_data/plotly.min.js HTTP/1.1" 200 -
127.0.0.1 - - [13/Jan/2026 12:45:42] "POST /_dash-update-component HTTP/1.1" 200 -
127.0.0.1 - - [13/Jan/2026 12:45:42] "POST /_dash-update-component HTTP/1.1" 200 -
127.0.0.1 - - [13/Jan/2026 12:45:42] "POST /_dash-update-component HTTP/1.1" 200 -
127.0.0.1 - - [13/Jan/2026 12:45:42] "POST /_dash-update-component HTTP/1.1" 200 -
127.0.0.1 - - [13/Jan/2026 12:45:42] "POST /_dash-update-component HTTP/1.1" 200 -
127.0.0.1 - - [13/Jan/2026 12:45:44] "GET /_dash-component-suites/dash/dash_table/async-highlight.js HTTP/1.1" 200 -
127.0.0.1 - - [13/Jan/2026 12:45:44] "GET /_dash-component-suites/dash/dash_table/async-table.js HTTP/1.1" 200 -
127.0.0.1 - - [13/Jan/2026 12:45:44] "GET /_dash-component-suites/dash/dcc/async-markdown.js HTTP/1.1" 200 -
127.0.0.1 - - [13/Jan/2026 12:45:44] "POST /_dash-update-component HTTP/1.1" 200 -
127.0.0.1 - - [13/Jan/2026 12:45:44] "POST /_dash-update-component HTTP/1.1" 200 -
127.0.0.1 - - [13/Jan/2026 12:45:44] "POST /_dash-update-component HTTP/1.1" 200 -
127.0.0.1 - - [13/Jan/2026 12:45:44] "GET /_dash-component-suites/dash/dcc/async-highlight.js HTTP/1.1" 200 -
127.0.0.1 - - [13/Jan/2026 12:45:44] "POST /_dash-update-component HTTP/1.1" 200 -
[2026-01-13 12:45:45,310] ERROR in app: Exception on /_dash-update-component [POST]
Traceback (most recent call last):
  File "/home/jules/.pyenv/versions/3.12.12/lib/python3.12/site-packages/flask/app.py", line 1511, in wsgi_app
    response = self.full_dispatch_request()
               ^^^^^^^^^^^^^^^^^^^^^^^^^^^^
  File "/home/jules/.pyenv/versions/3.12.12/lib/python3.12/site-packages/flask/app.py", line 919, in full_dispatch_request
    rv = self.handle_user_exception(e)
         ^^^^^^^^^^^^^^^^^^^^^^^^^^^^^
  File "/home/jules/.pyenv/versions/3.12.12/lib/python3.12/site-packages/flask/app.py", line 917, in full_dispatch_request
    rv = self.dispatch_request()
         ^^^^^^^^^^^^^^^^^^^^^^^
  File "/home/jules/.pyenv/versions/3.12.12/lib/python3.12/site-packages/flask/app.py", line 902, in dispatch_request
    return self.ensure_sync(self.view_functions[rule.endpoint])(**view_args)  # type: ignore[no-any-return]
           ^^^^^^^^^^^^^^^^^^^^^^^^^^^^^^^^^^^^^^^^^^^^^^^^^^^^^^^^^^^^^^^^^
  File "/home/jules/.pyenv/versions/3.12.12/lib/python3.12/site-packages/dash/_get_app.py", line 17, in wrap
    return ctx.run(func, self, *args, **kwargs)
           ^^^^^^^^^^^^^^^^^^^^^^^^^^^^^^^^^^^^
  File "/home/jules/.pyenv/versions/3.12.12/lib/python3.12/site-packages/dash/dash.py", line 1585, in dispatch
    response_data = ctx.run(partial_func)
                    ^^^^^^^^^^^^^^^^^^^^^
  File "/home/jules/.pyenv/versions/3.12.12/lib/python3.12/site-packages/dash/_callback.py", line 721, in add_context
    raise err
  File "/home/jules/.pyenv/versions/3.12.12/lib/python3.12/site-packages/dash/_callback.py", line 712, in add_context
    output_value = _invoke_callback(func, *func_args, **func_kwargs)  # type: ignore[reportArgumentType]
                   ^^^^^^^^^^^^^^^^^^^^^^^^^^^^^^^^^^^^^^^^^^^^^^^^^
  File "/home/jules/.pyenv/versions/3.12.12/lib/python3.12/site-packages/dash/_callback.py", line 59, in _invoke_callback
    return func(*args, **kwargs)  # %% callback invoked %%
           ^^^^^^^^^^^^^^^^^^^^^
  File "/app/dashboard.py", line 1422, in update_lu_wrapper
    # Removed year inputs as requested
           ^^^^^^^^^^^^^^^^^^^^^^^^^^^^
  File "/app/dashboard.py", line 1302, in update_lu_map_and_coupling
    tickvals.append(v)

ValueError: cannot convert float NaN to integer
127.0.0.1 - - [13/Jan/2026 12:45:45] "[35m[1mPOST /_dash-update-component HTTP/1.1[0m" 500 -
127.0.0.1 - - [13/Jan/2026 12:45:45] "POST /_dash-update-component HTTP/1.1" 200 -
127.0.0.1 - - [13/Jan/2026 12:45:45] "POST /_dash-update-component HTTP/1.1" 200 -
127.0.0.1 - - [13/Jan/2026 12:45:45] "POST /_dash-update-component HTTP/1.1" 200 -
